<guiRoot>
 <guiObject>
  <name>Form1</name>
  <class>TForm1</class>
  <Left>143</Left>
  <Top>55</Top>
  <Width>550</Width>
  <Height>659</Height>
  <Caption>'Lecture/Ecriture d'#39'une structure de type TTabHeader dans un fichier hdr'</Caption>
  <Color>clBtnFace</Color>
  <Font.Charset>DEFAULT_CHARSET</Font.Charset>
  <Font.Color>clWindowText</Font.Color>
  <Font.Height>-11</Font.Height>
  <Font.Name>'MS Sans Serif'</Font.Name>
  <Font.Style>[]</Font.Style>
  <OldCreateOrder>False</OldCreateOrder>
  <PixelsPerInch>96</PixelsPerInch>
  <TextHeight>13</TextHeight>
  <guiObject>
   <name>Label1</name>
   <class>TLabel</class>
   <Left>8</Left>
   <Top>16</Top>
   <Width>104</Width>
   <Height>17</Height>
   <AutoSize>False</AutoSize>
   <Caption>'FileNumber'</Caption>
  </guiObject>
  <guiObject>
   <name>Label2</name>
   <class>TLabel</class>
   <Left>8</Left>
   <Top>40</Top>
   <Width>104</Width>
   <Height>17</Height>
   <AutoSize>False</AutoSize>
   <Caption>'NbOfRecords'</Caption>
  </guiObject>
  <guiObject>
   <name>Label3</name>
   <class>TLabel</class>
   <Left>8</Left>
   <Top>64</Top>
   <Width>104</Width>
   <Height>17</Height>
   <AutoSize>False</AutoSize>
   <Caption>'ItemFileNum'</Caption>
  </guiObject>
  <guiObject>
   <name>Label4</name>
   <class>TLabel</class>
   <Left>8</Left>
   <Top>88</Top>
   <Width>104</Width>
   <Height>17</Height>
   <AutoSize>False</AutoSize>
   <Caption>'NumInSet'</Caption>
  </guiObject>
  <guiObject>
   <name>Label5</name>
   <class>TLabel</class>
   <Left>8</Left>
   <Top>112</Top>
   <Width>104</Width>
   <Height>17</Height>
   <AutoSize>False</AutoSize>
   <Caption>'UserCampNum'</Caption>
  </guiObject>
  <guiObject>
   <name>Label6</name>
   <class>TLabel</class>
   <Left>8</Left>
   <Top>136</Top>
   <Width>104</Width>
   <Height>17</Height>
   <AutoSize>False</AutoSize>
   <Caption>'Name'</Caption>
  </guiObject>
  <guiObject>
   <name>Label7</name>
   <class>TLabel</class>
   <Left>8</Left>
   <Top>160</Top>
   <Width>104</Width>
   <Height>17</Height>
   <AutoSize>False</AutoSize>
   <Caption>'DateTime'</Caption>
  </guiObject>
  <guiObject>
   <name>Label8</name>
   <class>TLabel</class>
   <Left>8</Left>
   <Top>184</Top>
   <Width>104</Width>
   <Height>17</Height>
   <AutoSize>False</AutoSize>
   <Caption>'SiteName'</Caption>
  </guiObject>
  <guiObject>
   <name>Label9</name>
   <class>TLabel</class>
   <Left>8</Left>
   <Top>208</Top>
   <Width>104</Width>
   <Height>17</Height>
   <AutoSize>False</AutoSize>
   <Caption>'SectionNum'</Caption>
  </guiObject>
  <guiObject>
   <name>Label10</name>
   <class>TLabel</class>
   <Left>8</Left>
   <Top>232</Top>
   <Width>104</Width>
   <Height>17</Height>
   <AutoSize>False</AutoSize>
   <Caption>'Power'</Caption>
  </guiObject>
  <guiObject>
   <name>Label11</name>
   <class>TLabel</class>
   <Left>8</Left>
   <Top>256</Top>
   <Width>104</Width>
   <Height>17</Height>
   <AutoSize>False</AutoSize>
   <Caption>'Line'</Caption>
  </guiObject>
  <guiObject>
   <name>Label12</name>
   <class>TLabel</class>
   <Left>8</Left>
   <Top>280</Top>
   <Width>104</Width>
   <Height>17</Height>
   <AutoSize>False</AutoSize>
   <Caption>'ProbeSerialNum'</Caption>
  </guiObject>
  <guiObject>
   <name>Label13</name>
   <class>TLabel</class>
   <Left>8</Left>
   <Top>304</Top>
   <Width>104</Width>
   <Height>17</Height>
   <AutoSize>False</AutoSize>
   <Caption>'Path'</Caption>
  </guiObject>
  <guiObject>
   <name>Label14</name>
   <class>TLabel</class>
   <Left>8</Left>
   <Top>328</Top>
   <Width>104</Width>
   <Height>17</Height>
   <AutoSize>False</AutoSize>
   <Caption>'Flow:1'</Caption>
  </guiObject>
  <guiObject>
   <name>Label15</name>
   <class>TLabel</class>
   <Left>8</Left>
   <Top>352</Top>
   <Width>104</Width>
   <Height>17</Height>
   <AutoSize>False</AutoSize>
   <Caption>'Noise:1'</Caption>
  </guiObject>
  <guiObject>
   <name>Label16</name>
   <class>TLabel</class>
   <Left>8</Left>
   <Top>376</Top>
   <Width>104</Width>
   <Height>17</Height>
   <AutoSize>False</AutoSize>
   <Caption>'KIT:1'</Caption>
  </guiObject>
  <guiObject>
   <name>Label17</name>
   <class>TLabel</class>
   <Left>8</Left>
   <Top>400</Top>
   <Width>104</Width>
   <Height>17</Height>
   <AutoSize>False</AutoSize>
   <Caption>'HiSpeed:1'</Caption>
  </guiObject>
  <guiObject>
   <name>Label18</name>
   <class>TLabel</class>
   <Left>8</Left>
   <Top>424</Top>
   <Width>104</Width>
   <Height>17</Height>
   <AutoSize>False</AutoSize>
   <Caption>'PolarVoltage'</Caption>
  </guiObject>
  <guiObject>
   <name>Label19</name>
   <class>TLabel</class>
   <Left>8</Left>
   <Top>448</Top>
   <Width>104</Width>
   <Height>17</Height>
   <AutoSize>False</AutoSize>
   <Caption>'Range'</Caption>
  </guiObject>
  <guiObject>
   <name>Label20</name>
   <class>TLabel</class>
   <Left>8</Left>
   <Top>472</Top>
   <Width>104</Width>
   <Height>17</Height>
   <AutoSize>False</AutoSize>
   <Caption>'StartPos'</Caption>
  </guiObject>
  <guiObject>
   <name>Label21</name>
   <class>TLabel</class>
   <Left>8</Left>
   <Top>496</Top>
   <Width>104</Width>
   <Height>17</Height>
   <AutoSize>False</AutoSize>
   <Caption>'EndPos'</Caption>
  </guiObject>
  <guiObject>
   <name>Label22</name>
   <class>TLabel</class>
   <Left>296</Left>
   <Top>8</Top>
   <Width>137</Width>
   <Height>17</Height>
   <AutoSize>False</AutoSize>
   <Caption>'unsigned int (hex) -> (dec)'</Caption>
  </guiObject>
  <guiObject>
   <name>Label23</name>
   <class>TLabel</class>
   <Left>296</Left>
   <Top>248</Top>
   <Width>81</Width>
   <Height>17</Height>
   <AutoSize>False</AutoSize>
   <Caption>'unsigned char'</Caption>
  </guiObject>
  <guiObject>
   <name>Label24</name>
   <class>TLabel</class>
   <Left>296</Left>
   <Top>272</Top>
   <Width>81</Width>
   <Height>17</Height>
   <AutoSize>False</AutoSize>
   <Caption>'unsigned short'</Caption>
  </guiObject>
  <guiObject>
   <name>Label25</name>
   <class>TLabel</class>
   <Left>296</Left>
   <Top>296</Top>
   <Width>81</Width>
   <Height>17</Height>
   <AutoSize>False</AutoSize>
   <Caption>'unsigned char'</Caption>
  </guiObject>
  <guiObject>
   <name>Label26</name>
   <class>TLabel</class>
   <Left>296</Left>
   <Top>320</Top>
   <Width>81</Width>
   <Height>17</Height>
   <AutoSize>False</AutoSize>
   <Caption>'bool'</Caption>
  </guiObject>
  <guiObject>
   <name>Label27</name>
   <class>TLabel</class>
   <Left>296</Left>
   <Top>344</Top>
   <Width>81</Width>
   <Height>17</Height>
   <AutoSize>False</AutoSize>
   <Caption>'bool'</Caption>
  </guiObject>
  <guiObject>
   <name>Label28</name>
   <class>TLabel</class>
   <Left>296</Left>
   <Top>368</Top>
   <Width>81</Width>
   <Height>17</Height>
   <AutoSize>False</AutoSize>
   <Caption>'bool'</Caption>
  </guiObject>
  <guiObject>
   <name>Label29</name>
   <class>TLabel</class>
   <Left>296</Left>
   <Top>392</Top>
   <Width>81</Width>
   <Height>17</Height>
   <AutoSize>False</AutoSize>
   <Caption>'bool'</Caption>
  </guiObject>
  <guiObject>
   <name>Label30</name>
   <class>TLabel</class>
   <Left>296</Left>
   <Top>416</Top>
   <Width>81</Width>
   <Height>17</Height>
   <AutoSize>False</AutoSize>
   <Caption>'unsigned char'</Caption>
  </guiObject>
  <guiObject>
   <name>Label31</name>
   <class>TLabel</class>
   <Left>296</Left>
   <Top>440</Top>
   <Width>81</Width>
   <Height>17</Height>
   <AutoSize>False</AutoSize>
   <Caption>'unsigned char'</Caption>
  </guiObject>
  <guiObject>
   <name>Label32</name>
   <class>TLabel</class>
   <Left>296</Left>
   <Top>464</Top>
   <Width>81</Width>
   <Height>17</Height>
   <AutoSize>False</AutoSize>
   <Caption>'unsigned short'</Caption>
  </guiObject>
  <guiObject>
   <name>Label33</name>
   <class>TLabel</class>
   <Left>296</Left>
   <Top>488</Top>
   <Width>81</Width>
   <Height>17</Height>
   <AutoSize>False</AutoSize>
   <Caption>'unsigned short'</Caption>
  </guiObject>
  <guiObject>
   <name>Label34</name>
   <class>TLabel</class>
   <Left>296</Left>
   <Top>32</Top>
   <Width>81</Width>
   <Height>17</Height>
   <AutoSize>False</AutoSize>
   <Caption>'unsigned short'</Caption>
  </guiObject>
  <guiObject>
   <name>Label36</name>
   <class>TLabel</class>
   <Left>296</Left>
   <Top>80</Top>
   <Width>81</Width>
   <Height>17</Height>
   <AutoSize>False</AutoSize>
   <Caption>'unsigned short'</Caption>
  </guiObject>
  <guiObject>
   <name>Label37</name>
   <class>TLabel</class>
   <Left>296</Left>
   <Top>104</Top>
   <Width>81</Width>
   <Height>17</Height>
   <AutoSize>False</AutoSize>
   <Caption>'unsigned short'</Caption>
  </guiObject>
  <guiObject>
   <name>Label38</name>
   <class>TLabel</class>
   <Left>296</Left>
   <Top>128</Top>
   <Width>81</Width>
   <Height>17</Height>
   <AutoSize>False</AutoSize>
   <Caption>'char80'</Caption>
  </guiObject>
  <guiObject>
   <name>Label39</name>
   <class>TLabel</class>
   <Left>296</Left>
   <Top>152</Top>
   <Width>81</Width>
   <Height>17</Height>
   <AutoSize>False</AutoSize>
   <Caption>'TDateTime ->'</Caption>
  </guiObject>
  <guiObject>
   <name>Label40</name>
   <class>TLabel</class>
   <Left>296</Left>
   <Top>176</Top>
   <Width>81</Width>
   <Height>17</Height>
   <AutoSize>False</AutoSize>
   <Caption>'char20'</Caption>
  </guiObject>
  <guiObject>
   <name>Label41</name>
   <class>TLabel</class>
   <Left>296</Left>
   <Top>200</Top>
   <Width>81</Width>
   <Height>17</Height>
   <AutoSize>False</AutoSize>
   <Caption>'unsigned char'</Caption>
  </guiObject>
  <guiObject>
   <name>Label42</name>
   <class>TLabel</class>
   <Left>296</Left>
   <Top>224</Top>
   <Width>81</Width>
   <Height>17</Height>
   <AutoSize>False</AutoSize>
   <Caption>'unsigned char'</Caption>
  </guiObject>
  <guiObject>
   <name>Label43</name>
   <class>TLabel</class>
   <Left>392</Left>
   <Top>608</Top>
   <Width>144</Width>
   <Height>18</Height>
   <Caption>'V 3.1 du 02/07/2007'</Caption>
   <Font.Charset>ANSI_CHARSET</Font.Charset>
   <Font.Color>clWindowText</Font.Color>
   <Font.Height>-16</Font.Height>
   <Font.Name>'Arial'</Font.Name>
   <Font.Style>[fsBold, fsItalic]</Font.Style>
   <ParentFont>False</ParentFont>
  </guiObject>
  <guiObject>
   <name>Label44</name>
   <class>TLabel</class>
   <Left>8</Left>
   <Top>600</Top>
   <Width>104</Width>
   <Height>17</Height>
   <AutoSize>False</AutoSize>
   <Caption>'CheckSum'</Caption>
  </guiObject>
  <guiObject>
   <name>Label45</name>
   <class>TLabel</class>
   <Left>296</Left>
   <Top>596</Top>
   <Width>81</Width>
   <Height>17</Height>
   <AutoSize>False</AutoSize>
   <Caption>'unsigned char'</Caption>
  </guiObject>
  <guiObject>
   <name>Label35</name>
   <class>TLabel</class>
   <Left>296</Left>
   <Top>56</Top>
   <Width>137</Width>
   <Height>17</Height>
   <AutoSize>False</AutoSize>
   <Caption>'unsigned int (hex) -> (dec)'</Caption>
  </guiObject>
  <guiObject>
   <name>Label46</name>
   <class>TLabel</class>
   <Left>8</Left>
   <Top>520</Top>
   <Width>104</Width>
   <Height>17</Height>
   <AutoSize>False</AutoSize>
   <Caption>'InsertCount'</Caption>
  </guiObject>
  <guiObject>
   <name>Label47</name>
   <class>TLabel</class>
   <Left>296</Left>
   <Top>512</Top>
   <Width>81</Width>
   <Height>17</Height>
   <AutoSize>False</AutoSize>
   <Caption>'unsigned short'</Caption>
  </guiObject>
  <guiObject>
   <name>Label48</name>
   <class>TLabel</class>
   <Left>8</Left>
   <Top>544</Top>
   <Width>104</Width>
   <Height>17</Height>
   <AutoSize>False</AutoSize>
   <Caption>'DbfChecksum'</Caption>
  </guiObject>
  <guiObject>
   <name>Label49</name>
   <class>TLabel</class>
   <Left>296</Left>
   <Top>536</Top>
   <Width>81</Width>
   <Height>17</Height>
   <AutoSize>False</AutoSize>
   <Caption>'unsigned char'</Caption>
  </guiObject>
  <guiObject>
   <name>Label50</name>
   <class>TLabel</class>
   <Left>8</Left>
   <Top>568</Top>
   <Width>104</Width>
   <Height>17</Height>
   <AutoSize>False</AutoSize>
   <Caption>'Dummy'</Caption>
  </guiObject>
  <guiObject>
   <name>Label51</name>
   <class>TLabel</class>
   <Left>296</Left>
   <Top>560</Top>
   <Width>81</Width>
   <Height>17</Height>
   <AutoSize>False</AutoSize>
   <Caption>'unsigned short'</Caption>
  </guiObject>
  <guiObject>
   <name>FileNumber</name>
   <class>TEdit</class>
   <Left>112</Left>
   <Top>8</Top>
   <Width>177</Width>
   <Height>21</Height>
   <TabOrder>0</TabOrder>
   <OnChange>UIntChange</OnChange>
  </guiObject>
  <guiObject>
   <name>NbOfRecords</name>
   <class>TEdit</class>
   <Left>112</Left>
   <Top>32</Top>
   <Width>177</Width>
   <Height>21</Height>
   <TabOrder>1</TabOrder>
   <OnChange>UShortChange</OnChange>
  </guiObject>
  <guiObject>
   <name>ItemFileNum</name>
   <class>TEdit</class>
   <Left>112</Left>
   <Top>56</Top>
   <Width>177</Width>
   <Height>21</Height>
   <TabOrder>2</TabOrder>
   <OnChange>UIntChange</OnChange>
  </guiObject>
  <guiObject>
   <name>NumInSet</name>
   <class>TEdit</class>
   <Left>112</Left>
   <Top>80</Top>
   <Width>177</Width>
   <Height>21</Height>
   <TabOrder>3</TabOrder>
   <OnChange>UShortChange</OnChange>
  </guiObject>
  <guiObject>
   <name>UserCampNum</name>
   <class>TEdit</class>
   <Left>112</Left>
   <Top>104</Top>
   <Width>177</Width>
   <Height>21</Height>
   <TabOrder>4</TabOrder>
   <OnChange>UShortChange</OnChange>
  </guiObject>
  <guiObject>
   <name>Name</name>
   <class>TEdit</class>
   <Left>112</Left>
   <Top>128</Top>
   <Width>177</Width>
   <Height>21</Height>
   <TabOrder>5</TabOrder>
   <OnChange>CharChange</OnChange>
  </guiObject>
  <guiObject>
   <name>DateTime</name>
   <class>TEdit</class>
   <Left>112</Left>
   <Top>152</Top>
   <Width>177</Width>
   <Height>21</Height>
   <TabOrder>6</TabOrder>
  </guiObject>
  <guiObject>
   <name>SiteName</name>
   <class>TEdit</class>
   <Left>112</Left>
   <Top>176</Top>
   <Width>177</Width>
   <Height>21</Height>
   <TabOrder>8</TabOrder>
   <OnChange>CharChange</OnChange>
  </guiObject>
  <guiObject>
   <name>SectionNum</name>
   <class>TEdit</class>
   <Left>112</Left>
   <Top>200</Top>
   <Width>177</Width>
   <Height>21</Height>
   <TabOrder>9</TabOrder>
   <OnChange>UCharChange</OnChange>
  </guiObject>
  <guiObject>
   <name>Power</name>
   <class>TEdit</class>
   <Left>112</Left>
   <Top>224</Top>
   <Width>177</Width>
   <Height>21</Height>
   <TabOrder>10</TabOrder>
   <OnChange>UCharChange</OnChange>
  </guiObject>
  <guiObject>
   <name>Line</name>
   <class>TEdit</class>
   <Left>112</Left>
   <Top>248</Top>
   <Width>177</Width>
   <Height>21</Height>
   <TabOrder>11</TabOrder>
   <OnChange>UCharChange</OnChange>
  </guiObject>
  <guiObject>
   <name>ProbeSerialNum</name>
   <class>TEdit</class>
   <Left>112</Left>
   <Top>272</Top>
   <Width>177</Width>
   <Height>21</Height>
   <TabOrder>12</TabOrder>
   <OnChange>UShortChange</OnChange>
  </guiObject>
  <guiObject>
   <name>Path</name>
   <class>TEdit</class>
   <Left>112</Left>
   <Top>296</Top>
   <Width>177</Width>
   <Height>21</Height>
   <TabOrder>13</TabOrder>
   <OnChange>UCharChange</OnChange>
  </guiObject>
  <guiObject>
   <name>PolarVoltage</name>
   <class>TEdit</class>
   <Left>112</Left>
   <Top>416</Top>
   <Width>177</Width>
   <Height>21</Height>
   <TabOrder>18</TabOrder>
   <OnChange>UCharChange</OnChange>
  </guiObject>
  <guiObject>
   <name>Range</name>
   <class>TEdit</class>
   <Left>112</Left>
   <Top>440</Top>
   <Width>177</Width>
   <Height>21</Height>
   <TabOrder>19</TabOrder>
   <OnChange>UCharChange</OnChange>
  </guiObject>
  <guiObject>
   <name>StartPos</name>
   <class>TEdit</class>
   <Left>112</Left>
   <Top>464</Top>
   <Width>177</Width>
   <Height>21</Height>
   <TabOrder>20</TabOrder>
   <OnChange>UShortChange</OnChange>
  </guiObject>
  <guiObject>
   <name>EndPos</name>
   <class>TEdit</class>
   <Left>112</Left>
   <Top>488</Top>
   <Width>177</Width>
   <Height>21</Height>
   <TabOrder>21</TabOrder>
   <OnChange>UShortChange</OnChange>
  </guiObject>
  <guiObject>
   <name>WriteBtn</name>
   <class>TButton</class>
   <Left>416</Left>
   <Top>192</Top>
   <Width>113</Width>
   <Height>41</Height>
   <Caption>'&amp;Ecrire dans le fichier'</Caption>
   <TabOrder>26</TabOrder>
   <OnClick>WriteBtnClick</OnClick>
  </guiObject>
  <guiObject>
   <name>ExitBtn</name>
   <class>TButton</class>
   <Left>416</Left>
   <Top>320</Top>
   <Width>113</Width>
   <Height>41</Height>
   <Caption>'&amp;Quitter'</Caption>
   <TabOrder>28</TabOrder>
   <OnClick>ExitBtnClick</OnClick>
  </guiObject>
  <guiObject>
   <name>ReadBtn</name>
   <class>TButton</class>
   <Left>416</Left>
   <Top>256</Top>
   <Width>113</Width>
   <Height>41</Height>
   <Caption>'&amp;Lire le fichier'</Caption>
   <TabOrder>27</TabOrder>
   <OnClick>ReadBtnClick</OnClick>
  </guiObject>
  <guiObject>
   <name>DateTimeBtn</name>
   <class>TButton</class>
   <Left>383</Left>
   <Top>150</Top>
   <Width>146</Width>
   <Height>18</Height>
   <Caption>'Date / heure courante'</Caption>
   <TabOrder>7</TabOrder>
   <OnClick>DateTimeBtnClick</OnClick>
  </guiObject>
  <guiObject>
   <name>Flow</name>
   <class>TCheckBox</class>
   <Left>114</Left>
   <Top>324</Top>
   <Width>97</Width>
   <Height>17</Height>
   <Caption>' '</Caption>
   <TabOrder>14</TabOrder>
  </guiObject>
  <guiObject>
   <name>Noise</name>
   <class>TCheckBox</class>
   <Left>114</Left>
   <Top>348</Top>
   <Width>97</Width>
   <Height>17</Height>
   <Caption>' '</Caption>
   <TabOrder>15</TabOrder>
  </guiObject>
  <guiObject>
   <name>KIT</name>
   <class>TCheckBox</class>
   <Left>114</Left>
   <Top>372</Top>
   <Width>97</Width>
   <Height>17</Height>
   <Caption>' '</Caption>
   <TabOrder>16</TabOrder>
  </guiObject>
  <guiObject>
   <name>HiSpeed</name>
   <class>TCheckBox</class>
   <Left>114</Left>
   <Top>396</Top>
   <Width>97</Width>
   <Height>17</Height>
   <Caption>' '</Caption>
   <TabOrder>17</TabOrder>
  </guiObject>
  <guiObject>
   <name>ItemFileNumST</name>
   <class>TStaticText</class>
   <Left>428</Left>
   <Top>56</Top>
   <Width>97</Width>
   <Height>17</Height>
   <Alignment>taCenter</Alignment>
   <AutoSize>False</AutoSize>
   <BorderStyle>sbsSunken</BorderStyle>
   <Caption>'00000000'</Caption>
   <TabOrder>29</TabOrder>
  </guiObject>
  <guiObject>
   <name>FileNumberST</name>
   <class>TStaticText</class>
   <Left>428</Left>
   <Top>8</Top>
   <Width>97</Width>
   <Height>17</Height>
   <Alignment>taCenter</Alignment>
   <AutoSize>False</AutoSize>
   <BorderStyle>sbsSunken</BorderStyle>
   <Caption>'00000000'</Caption>
   <TabOrder>30</TabOrder>
  </guiObject>
  <guiObject>
   <name>CheckSum</name>
   <class>TEdit</class>
   <Left>112</Left>
   <Top>592</Top>
   <Width>177</Width>
   <Height>21</Height>
   <TabOrder>25</TabOrder>
   <OnChange>UCharChange</OnChange>
  </guiObject>
  <guiObject>
   <name>InsertCount</name>
   <class>TEdit</class>
   <Left>112</Left>
   <Top>512</Top>
   <Width>177</Width>
   <Height>21</Height>
   <TabOrder>22</TabOrder>
   <OnChange>UShortChange</OnChange>
  </guiObject>
  <guiObject>
   <name>DbfChecksum</name>
   <class>TEdit</class>
   <Left>112</Left>
   <Top>536</Top>
   <Width>177</Width>
   <Height>21</Height>
   <TabOrder>24</TabOrder>
   <OnChange>UCharChange</OnChange>
  </guiObject>
  <guiObject>
   <name>Dummy</name>
   <class>TEdit</class>
   <Left>112</Left>
   <Top>560</Top>
   <Width>177</Width>
   <Height>21</Height>
   <TabOrder>23</TabOrder>
   <OnChange>UShortChange</OnChange>
  </guiObject>
  <guiObject>
   <name>UpdateButton</name>
   <class>TButton</class>
   <Left>383</Left>
   <Top>534</Top>
   <Width>146</Width>
   <Height>18</Height>
   <Caption>'&amp;Mettre '#224' jour'</Caption>
   <TabOrder>31</TabOrder>
   <OnClick>UpdateButtonClick</OnClick>
  </guiObject>
  <guiObject>
   <name>SaveDialog1</name>
   <class>TSaveDialog</class>
   <Left>488</Left>
   <Top>384</Top>
  </guiObject>
  <guiObject>
   <name>OpenDialog1</name>
   <class>TOpenDialog</class>
   <Left>448</Left>
   <Top>384</Top>
  </guiObject>
 </guiObject>
</guiRoot>
